<?xml version="1.0" encoding="UTF-8"?>
<testsuite name="TestSuite" time="0.075" tests="1" errors="0" skipped="0" failures="1">
  <properties>
[...]
</properties>
  <testcase name="verifyLogin" classname="com.login.loginTestCases.loginTest" time="0.075">
    <failure type="java.lang.NullPointerException:">java.lang.NullPointerException: null
	at Shop_navigation.NavigateI_nternet.PoplightboxClick(NavigateI_nternet.java:14)
	at com.actions.Shop.ShopIntAction.shopactions(ShopIntAction.java:17)
	at com.login.loginTestCases.loginTest.verifyLogin(loginTest.java:35)
</failure>
    <system-out>DEBUG INFO Values Browsers
Properties File: chrome
http://www.bell.ca
</system-out>
    <system-err>log4j:WARN No appenders could be found for logger (com.utils.Log).
log4j:WARN Please initialize the log4j system properly.
log4j:WARN See http://logging.apache.org/log4j/1.2/faq.html#noconfig for more info.
Starting ChromeDriver 2.36.540470 (e522d04694c7ebea4ba8821272dbef4f9b818c91) on port 27430
Only local connections are allowed.
Mar 31, 2019 2:05:07 PM org.openqa.selenium.remote.ProtocolHandshake createSession
INFO: Detected dialect: OSS
</system-err>
  </testcase>
</testsuite>